10-Mar-19 10:43:13 PM	This log contains information about the import schema operation into project 'DACPAC-POC2' on computer 'RAVITEJA' by user 'Teja'.
10-Mar-19 10:43:14 PM	Import of database schema has started.
10-Mar-19 10:43:34 PM	Gathering database options
10-Mar-19 10:43:34 PM	Gathering users
10-Mar-19 10:43:35 PM	Gathering roles
10-Mar-19 10:43:35 PM	Gathering application roles
10-Mar-19 10:43:35 PM	Gathering role memberships
10-Mar-19 10:43:35 PM	Gathering filegroups
10-Mar-19 10:43:35 PM	Gathering full-text catalogs
10-Mar-19 10:43:35 PM	Gathering assemblies
10-Mar-19 10:43:35 PM	Gathering certificates
10-Mar-19 10:43:35 PM	Gathering asymmetric keys
10-Mar-19 10:43:35 PM	Gathering symmetric keys
10-Mar-19 10:43:35 PM	Gathering encrypted symmetric keys
10-Mar-19 10:43:35 PM	Gathering schemas
10-Mar-19 10:43:38 PM	Gathering XML schema collections
10-Mar-19 10:43:38 PM	Gathering user-defined data types
10-Mar-19 10:43:38 PM	Gathering user-defined types
10-Mar-19 10:43:38 PM	Gathering table types
10-Mar-19 10:43:38 PM	Gathering unique keys for table types
10-Mar-19 10:43:38 PM	Gathering primary keys for table types
10-Mar-19 10:43:38 PM	Gathering check constraints for table types
10-Mar-19 10:43:38 PM	Gathering default constraints for table types
10-Mar-19 10:43:38 PM	Gathering partition functions
10-Mar-19 10:43:38 PM	Gathering partition schemes
10-Mar-19 10:43:38 PM	Gathering functions
10-Mar-19 10:43:38 PM	Gathering encrypted functions
10-Mar-19 10:43:40 PM	Gathering aggregates
10-Mar-19 10:43:40 PM	Gathering procedures
10-Mar-19 10:43:40 PM	Gathering encrypted procedures
10-Mar-19 10:43:40 PM	Gathering tables
10-Mar-19 10:43:40 PM	Gathering primary keys
10-Mar-19 10:43:40 PM	Gathering unique constraints
10-Mar-19 10:43:42 PM	Gathering foreign keys
10-Mar-19 10:43:42 PM	Gathering default constraints
10-Mar-19 10:43:42 PM	Gathering check constraints
10-Mar-19 10:43:42 PM	Gathering views
10-Mar-19 10:43:42 PM	Gathering encrypted views
10-Mar-19 10:43:42 PM	Gathering indexes
10-Mar-19 10:43:42 PM	Gathering statistics
10-Mar-19 10:43:42 PM	Gathering full-text index stoplists
10-Mar-19 10:43:42 PM	Gathering search property lists
10-Mar-19 10:43:42 PM	Gathering search properties
10-Mar-19 10:43:42 PM	Gathering full-text indexes
10-Mar-19 10:43:43 PM	Gathering column store indexes
10-Mar-19 10:43:43 PM	Gathering spatial indexes
10-Mar-19 10:43:43 PM	Gathering XML indexes
10-Mar-19 10:43:43 PM	Gathering encrypted triggers
10-Mar-19 10:43:43 PM	Gathering triggers
10-Mar-19 10:43:43 PM	Gathering encrypted and clr ddl triggers
10-Mar-19 10:43:43 PM	Gathering ddl triggers
10-Mar-19 10:43:43 PM	Gathering synonyms
10-Mar-19 10:43:43 PM	Gathering defaults
10-Mar-19 10:43:43 PM	Gathering data constraint uddt bindings
10-Mar-19 10:43:43 PM	Gathering rules
10-Mar-19 10:43:43 PM	Gathering data constraint uddt bindings
10-Mar-19 10:43:43 PM	Gathering message types
10-Mar-19 10:43:43 PM	Gathering queues
10-Mar-19 10:43:43 PM	Gathering contracts
10-Mar-19 10:43:43 PM	Gathering services
10-Mar-19 10:43:43 PM	Gathering event notifications
10-Mar-19 10:43:43 PM	Gathering remote service bindings
10-Mar-19 10:43:43 PM	Gathering broker priorities
10-Mar-19 10:43:43 PM	Gathering signatures
10-Mar-19 10:43:43 PM	Gathering data compression options
10-Mar-19 10:43:43 PM	Gathering sequence types
10-Mar-19 10:43:43 PM	Gathering database permissions
10-Mar-19 10:43:44 PM	Gathering extended properties
10-Mar-19 10:43:44 PM	Gathering credentials
10-Mar-19 10:43:44 PM	Gathering logins
10-Mar-19 10:43:44 PM	Gathering server audits
10-Mar-19 10:43:47 PM	Scanning project for duplicate elements
10-Mar-19 10:43:47 PM	Finished duplicate element processing
10-Mar-19 10:43:48 PM	Finished importing database.
10-Mar-19 10:43:48 PM	A summary of the import was saved to the following location: C:\Users\Teja\Documents\Visual Studio 2015\Projects\DACPAC-POC2\DACPAC-POC2\Import Schema Logs\DACPAC-POC2_20190310051313.log
10-Mar-19 10:43:48 PM	Click Finish to continue...
